Determining if the pthread_create exist failed with the following output:
Change Dir: /home/wyh/catkin_ws01/build/CMakeFiles/CMakeTmp

Run Build Command:"/usr/bin/make" "cmTC_ba24e/fast"
/usr/bin/make -f CMakeFiles/cmTC_ba24e.dir/build.make CMakeFiles/cmTC_ba24e.dir/build
make[1]: Entering directory '/home/wyh/catkin_ws01/build/CMakeFiles/CMakeTmp'
Building C object CMakeFiles/cmTC_ba24e.dir/CheckSymbolExists.c.o
/usr/bin/cc     -o CMakeFiles/cmTC_ba24e.dir/CheckSymbolExists.c.o   -c /home/wyh/catkin_ws01/build/CMakeFiles/CMakeTmp/CheckSymbolExists.c
Linking C executable cmTC_ba24e
/usr/bin/cmake -E cmake_link_script CMakeFiles/cmTC_ba24e.dir/link.txt --verbose=1
/usr/bin/cc       CMakeFiles/cmTC_ba24e.dir/CheckSymbolExists.c.o  -o cmTC_ba24e -rdynamic 
CMakeFiles/cmTC_ba24e.dir/CheckSymbolExists.c.o：在函数‘main’中：
CheckSymbolExists.c:(.text+0x16)：对‘pthread_create’未定义的引用
collect2: error: ld returned 1 exit status
CMakeFiles/cmTC_ba24e.dir/build.make:97: recipe for target 'cmTC_ba24e' failed
make[1]: *** [cmTC_ba24e] Error 1
make[1]: Leaving directory '/home/wyh/catkin_ws01/build/CMakeFiles/CMakeTmp'
Makefile:126: recipe for target 'cmTC_ba24e/fast' failed
make: *** [cmTC_ba24e/fast] Error 2

File /home/wyh/catkin_ws01/build/CMakeFiles/CMakeTmp/CheckSymbolExists.c:
/* */
#include <pthread.h>

int main(int argc, char** argv)
{
  (void)argv;
#ifndef pthread_create
  return ((int*)(&pthread_create))[argc];
#else
  (void)argc;
  return 0;
#endif
}

Determining if the function pthread_create exists in the pthreads failed with the following output:
Change Dir: /home/wyh/catkin_ws01/build/CMakeFiles/CMakeTmp

Run Build Command:"/usr/bin/make" "cmTC_2e22c/fast"
/usr/bin/make -f CMakeFiles/cmTC_2e22c.dir/build.make CMakeFiles/cmTC_2e22c.dir/build
make[1]: Entering directory '/home/wyh/catkin_ws01/build/CMakeFiles/CMakeTmp'
Building C object CMakeFiles/cmTC_2e22c.dir/CheckFunctionExists.c.o
/usr/bin/cc    -DCHECK_FUNCTION_EXISTS=pthread_create   -o CMakeFiles/cmTC_2e22c.dir/CheckFunctionExists.c.o   -c /usr/share/cmake-3.5/Modules/CheckFunctionExists.c
Linking C executable cmTC_2e22c
/usr/bin/cmake -E cmake_link_script CMakeFiles/cmTC_2e22c.dir/link.txt --verbose=1
/usr/bin/cc   -DCHECK_FUNCTION_EXISTS=pthread_create    CMakeFiles/cmTC_2e22c.dir/CheckFunctionExists.c.o  -o cmTC_2e22c -rdynamic -lpthreads 
/usr/bin/ld: 找不到 -lpthreads
collect2: error: ld returned 1 exit status
CMakeFiles/cmTC_2e22c.dir/build.make:97: recipe for target 'cmTC_2e22c' failed
make[1]: *** [cmTC_2e22c] Error 1
make[1]: Leaving directory '/home/wyh/catkin_ws01/build/CMakeFiles/CMakeTmp'
Makefile:126: recipe for target 'cmTC_2e22c/fast' failed
make: *** [cmTC_2e22c/fast] Error 2


